[time=0.007] read 10304 points from file 'datasets/izbicki15/small/faces.fvecs'
[time=0.002] built r-net Voronoi diagram [sep=281.247,num_sites=16,dist_comps=164864]
[time=0.000] built replication tree [verts=19,dist_comps=16]
[time=0.009] computed ghost points [num_ghost_points=5852,dist_comps=350336]
[time=0.021] computed ghost trees [dist_comps=1315704]
[time=0.098] built epsilon graph [density=3.062,edges=31554,dist_comps=8570443]
[total_runtime=0.137]
[time=0.002] read 10304 points from file 'datasets/izbicki15/small/faces.fvecs'
[time=0.002] built r-net Voronoi diagram [sep=281.247,num_sites=16,dist_comps=164864]
[time=0.000] built replication tree [verts=19,dist_comps=16]
[time=0.000] computed cell assignments
[time=0.014] computed ghost points [num_ghost_points=5852,dist_comps=350336]
[time=0.019] computed ghost trees [dist_comps=1315704]
[time=0.098] built epsilon graph [density=3.062,edges=31554,dist_comps=8570443]
[total_runtime=0.135]
srun: Step created for StepId=35791385.1
[time=0.002] read 10304 points from file 'datasets/izbicki15/small/faces.fvecs'
[time=0.001] built r-net Voronoi diagram [sep=281.247,num_sites=16,dist_comps=164864]
[time=0.000] built replication tree [verts=19,dist_comps=16]
[time=0.000] computed cell assignments
[time=0.008] computed ghost points [num_ghost_points=5852,dist_comps=350336]
[time=0.010] computed ghost trees [dist_comps=1315704]
[time=0.056] built epsilon graph [density=3.062,edges=31554,dist_comps=8570443]
[total_runtime=0.078]
[time=0.002] read 10304 points from file 'datasets/izbicki15/small/faces.fvecs'
[time=0.001] built r-net Voronoi diagram [sep=281.247,num_sites=16,dist_comps=164864]
[time=0.000] built replication tree [verts=19,dist_comps=16]
[time=0.000] computed cell assignments
[time=0.005] computed ghost points [num_ghost_points=5852,dist_comps=350336]
[time=0.009] computed ghost trees [dist_comps=1315704]
[time=0.055] built epsilon graph [density=3.062,edges=31554,dist_comps=8570443]
[total_runtime=0.072]
[time=0.002] read 10304 points from file 'datasets/izbicki15/small/faces.fvecs'
[time=0.001] built r-net Voronoi diagram [sep=281.247,num_sites=16,dist_comps=164864]
[time=0.000] built replication tree [verts=19,dist_comps=16]
[time=0.000] computed cell assignments
[time=0.004] computed ghost points [num_ghost_points=5852,dist_comps=350336]
[time=0.010] computed ghost trees [dist_comps=1315704]
[time=0.057] built epsilon graph [density=3.062,edges=31554,dist_comps=8570443]
[total_runtime=0.073]
[time=0.002] read 10304 points from file 'datasets/izbicki15/small/faces.fvecs'
[time=0.001] built r-net Voronoi diagram [sep=281.247,num_sites=16,dist_comps=164864]
[time=0.000] built replication tree [verts=19,dist_comps=16]
[time=0.000] computed cell assignments
[time=0.003] computed ghost points [num_ghost_points=5852,dist_comps=350336]
[time=0.009] computed ghost trees [dist_comps=1315704]
[time=0.061] built epsilon graph [density=3.062,edges=31554,dist_comps=8570443]
[total_runtime=0.077]
[time=0.001] read 10304 points from file 'datasets/izbicki15/small/faces.fvecs'
[time=0.005] built r-net Voronoi diagram [sep=245.118,num_sites=32,dist_comps=329728]
[time=0.000] built replication tree [verts=64,dist_comps=465]
[time=0.027] computed ghost points [num_ghost_points=11001,dist_comps=978633]
[time=0.030] computed ghost trees [dist_comps=1882858]
[time=0.087] built epsilon graph [density=3.062,edges=31554,dist_comps=7104185]
[total_runtime=0.149]
[time=0.002] read 10304 points from file 'datasets/izbicki15/small/faces.fvecs'
[time=0.003] built r-net Voronoi diagram [sep=245.118,num_sites=32,dist_comps=329728]
[time=0.000] built replication tree [verts=64,dist_comps=465]
[time=0.000] computed cell assignments
[time=0.029] computed ghost points [num_ghost_points=11001,dist_comps=978633]
[time=0.026] computed ghost trees [dist_comps=1882858]
[time=0.082] built epsilon graph [density=3.062,edges=31554,dist_comps=7104185]
[total_runtime=0.142]
[time=0.002] read 10304 points from file 'datasets/izbicki15/small/faces.fvecs'
[time=0.002] built r-net Voronoi diagram [sep=245.118,num_sites=32,dist_comps=329728]
[time=0.000] built replication tree [verts=64,dist_comps=465]
[time=0.000] computed cell assignments
[time=0.017] computed ghost points [num_ghost_points=11001,dist_comps=978633]
[time=0.015] computed ghost trees [dist_comps=1882858]
[time=0.047] built epsilon graph [density=3.062,edges=31554,dist_comps=7104185]
[total_runtime=0.083]
[time=0.002] read 10304 points from file 'datasets/izbicki15/small/faces.fvecs'
[time=0.001] built r-net Voronoi diagram [sep=245.118,num_sites=32,dist_comps=329728]
[time=0.000] built replication tree [verts=64,dist_comps=465]
[time=0.000] computed cell assignments
[time=0.010] computed ghost points [num_ghost_points=11001,dist_comps=978633]
[time=0.011] computed ghost trees [dist_comps=1882858]
[time=0.046] built epsilon graph [density=3.062,edges=31554,dist_comps=7104185]
[total_runtime=0.069]
srun: Step created for StepId=35791385.8
[time=0.002] read 10304 points from file 'datasets/izbicki15/small/faces.fvecs'
[time=0.001] built r-net Voronoi diagram [sep=245.118,num_sites=32,dist_comps=329728]
[time=0.000] built replication tree [verts=64,dist_comps=465]
[time=0.000] computed cell assignments
[time=0.006] computed ghost points [num_ghost_points=11001,dist_comps=978633]
[time=0.010] computed ghost trees [dist_comps=1882858]
[time=0.048] built epsilon graph [density=3.062,edges=31554,dist_comps=7104185]
[total_runtime=0.068]
[time=0.002] read 10304 points from file 'datasets/izbicki15/small/faces.fvecs'
[time=0.001] built r-net Voronoi diagram [sep=245.118,num_sites=32,dist_comps=329728]
[time=0.000] built replication tree [verts=64,dist_comps=465]
[time=0.000] computed cell assignments
[time=0.004] computed ghost points [num_ghost_points=11001,dist_comps=978633]
[time=0.010] computed ghost trees [dist_comps=1882858]
[time=0.051] built epsilon graph [density=3.062,edges=31554,dist_comps=7104185]
[total_runtime=0.068]
[time=0.001] read 10304 points from file 'datasets/izbicki15/small/faces.fvecs'
[time=0.007] built r-net Voronoi diagram [sep=212.127,num_sites=64,dist_comps=659456]
[time=0.000] built replication tree [verts=96,dist_comps=603]
[time=0.039] computed ghost points [num_ghost_points=23773,dist_comps=1638083]
[time=0.042] computed ghost trees [dist_comps=2626662]
[time=0.070] built epsilon graph [density=3.062,edges=31554,dist_comps=6009218]
[total_runtime=0.159]
srun: Step created for StepId=35791385.10
[time=0.002] read 10304 points from file 'datasets/izbicki15/small/faces.fvecs'
[time=0.006] built r-net Voronoi diagram [sep=212.127,num_sites=64,dist_comps=659456]
[time=0.000] built replication tree [verts=96,dist_comps=603]
[time=0.000] computed cell assignments
[time=0.041] computed ghost points [num_ghost_points=23773,dist_comps=1638083]
[time=0.038] computed ghost trees [dist_comps=2626662]
[time=0.070] built epsilon graph [density=3.062,edges=31554,dist_comps=6009218]
[total_runtime=0.157]
[time=0.002] read 10304 points from file 'datasets/izbicki15/small/faces.fvecs'
[time=0.004] built r-net Voronoi diagram [sep=212.127,num_sites=64,dist_comps=659456]
[time=0.000] built replication tree [verts=96,dist_comps=603]
[time=0.000] computed cell assignments
[time=0.024] computed ghost points [num_ghost_points=23773,dist_comps=1638083]
[time=0.020] computed ghost trees [dist_comps=2626662]
[time=0.041] built epsilon graph [density=3.062,edges=31554,dist_comps=6009218]
[total_runtime=0.091]
[time=0.002] read 10304 points from file 'datasets/izbicki15/small/faces.fvecs'
[time=0.002] built r-net Voronoi diagram [sep=212.127,num_sites=64,dist_comps=659456]
[time=0.000] built replication tree [verts=96,dist_comps=603]
[time=0.000] computed cell assignments
[time=0.014] computed ghost points [num_ghost_points=23773,dist_comps=1638083]
[time=0.012] computed ghost trees [dist_comps=2626662]
[time=0.036] built epsilon graph [density=3.062,edges=31554,dist_comps=6009218]
[total_runtime=0.065]
[time=0.002] read 10304 points from file 'datasets/izbicki15/small/faces.fvecs'
[time=0.001] built r-net Voronoi diagram [sep=212.127,num_sites=64,dist_comps=659456]
[time=0.000] built replication tree [verts=96,dist_comps=603]
[time=0.000] computed cell assignments
[time=0.008] computed ghost points [num_ghost_points=23773,dist_comps=1638083]
[time=0.010] computed ghost trees [dist_comps=2626662]
[time=0.036] built epsilon graph [density=3.062,edges=31554,dist_comps=6009218]
[total_runtime=0.058]
srun: Step created for StepId=35791385.14
[time=0.002] read 10304 points from file 'datasets/izbicki15/small/faces.fvecs'
[time=0.001] built r-net Voronoi diagram [sep=212.127,num_sites=64,dist_comps=659456]
[time=0.000] built replication tree [verts=96,dist_comps=603]
[time=0.000] computed cell assignments
[time=0.005] computed ghost points [num_ghost_points=23773,dist_comps=1638083]
[time=0.007] computed ghost trees [dist_comps=2626662]
[time=0.039] built epsilon graph [density=3.062,edges=31554,dist_comps=6009218]
[total_runtime=0.054]
[time=0.001] read 10304 points from file 'datasets/izbicki15/small/faces.fvecs'
[time=0.015] built r-net Voronoi diagram [sep=179.680,num_sites=128,dist_comps=1318912]
[time=0.000] built replication tree [verts=160,dist_comps=995]
[time=0.065] computed ghost points [num_ghost_points=41424,dist_comps=2956893]
[time=0.061] computed ghost trees [dist_comps=3768663]
[time=0.062] built epsilon graph [density=3.062,edges=31554,dist_comps=5188370]
[total_runtime=0.204]
[time=0.002] read 10304 points from file 'datasets/izbicki15/small/faces.fvecs'
[time=0.012] built r-net Voronoi diagram [sep=179.680,num_sites=128,dist_comps=1318912]
[time=0.000] built replication tree [verts=160,dist_comps=995]
[time=0.000] computed cell assignments
[time=0.064] computed ghost points [num_ghost_points=41424,dist_comps=2956893]
[time=0.056] computed ghost trees [dist_comps=3768663]
[time=0.062] built epsilon graph [density=3.062,edges=31554,dist_comps=5188370]
[total_runtime=0.195]
[time=0.002] read 10304 points from file 'datasets/izbicki15/small/faces.fvecs'
[time=0.007] built r-net Voronoi diagram [sep=179.680,num_sites=128,dist_comps=1318912]
[time=0.000] built replication tree [verts=160,dist_comps=995]
[time=0.000] computed cell assignments
[time=0.038] computed ghost points [num_ghost_points=41424,dist_comps=2956893]
[time=0.028] computed ghost trees [dist_comps=3768663]
[time=0.037] built epsilon graph [density=3.062,edges=31554,dist_comps=5188370]
[total_runtime=0.111]
[time=0.002] read 10304 points from file 'datasets/izbicki15/small/faces.fvecs'
[time=0.004] built r-net Voronoi diagram [sep=179.680,num_sites=128,dist_comps=1318912]
[time=0.000] built replication tree [verts=160,dist_comps=995]
[time=0.000] computed cell assignments
[time=0.021] computed ghost points [num_ghost_points=41424,dist_comps=2956893]
[time=0.019] computed ghost trees [dist_comps=3768663]
[time=0.029] built epsilon graph [density=3.062,edges=31554,dist_comps=5188370]
[total_runtime=0.076]
[time=0.002] read 10304 points from file 'datasets/izbicki15/small/faces.fvecs'
[time=0.002] built r-net Voronoi diagram [sep=179.680,num_sites=128,dist_comps=1318912]
[time=0.000] built replication tree [verts=160,dist_comps=995]
[time=0.000] computed cell assignments
[time=0.012] computed ghost points [num_ghost_points=41424,dist_comps=2956893]
[time=0.013] computed ghost trees [dist_comps=3768663]
[time=0.024] built epsilon graph [density=3.062,edges=31554,dist_comps=5188370]
[total_runtime=0.054]
[time=0.002] read 10304 points from file 'datasets/izbicki15/small/faces.fvecs'
[time=0.002] built r-net Voronoi diagram [sep=179.680,num_sites=128,dist_comps=1318912]
[time=0.000] built replication tree [verts=160,dist_comps=995]
[time=0.000] computed cell assignments
[time=0.008] computed ghost points [num_ghost_points=41424,dist_comps=2956893]
[time=0.011] computed ghost trees [dist_comps=3768663]
[time=0.024] built epsilon graph [density=3.062,edges=31554,dist_comps=5188370]
[total_runtime=0.046]
[time=0.001] read 10304 points from file 'datasets/izbicki15/small/faces.fvecs'
[time=0.002] built r-net Voronoi diagram [sep=281.247,num_sites=16,dist_comps=164864]
[time=0.000] built replication tree [verts=19,dist_comps=16]
[time=0.009] computed ghost points [num_ghost_points=17491,dist_comps=350336]
[time=0.034] computed ghost trees [dist_comps=1935624]
[time=0.205] built epsilon graph [density=14.870,edges=153218,dist_comps=16589393]
[total_runtime=0.250]
srun: Step created for StepId=35791385.20
[time=0.002] read 10304 points from file 'datasets/izbicki15/small/faces.fvecs'
[time=0.002] built r-net Voronoi diagram [sep=281.247,num_sites=16,dist_comps=164864]
[time=0.000] built replication tree [verts=19,dist_comps=16]
[time=0.000] computed cell assignments
[time=0.014] computed ghost points [num_ghost_points=17491,dist_comps=350336]
[time=0.029] computed ghost trees [dist_comps=1935624]
[time=0.202] built epsilon graph [density=14.870,edges=153218,dist_comps=16589393]
[total_runtime=0.248]
srun: Step created for StepId=35791385.21
[time=0.002] read 10304 points from file 'datasets/izbicki15/small/faces.fvecs'
[time=0.001] built r-net Voronoi diagram [sep=281.247,num_sites=16,dist_comps=164864]
[time=0.000] built replication tree [verts=19,dist_comps=16]
[time=0.000] computed cell assignments
[time=0.010] computed ghost points [num_ghost_points=17491,dist_comps=350336]
[time=0.015] computed ghost trees [dist_comps=1935624]
[time=0.115] built epsilon graph [density=14.870,edges=153218,dist_comps=16589393]
[total_runtime=0.142]
[time=0.002] read 10304 points from file 'datasets/izbicki15/small/faces.fvecs'
[time=0.001] built r-net Voronoi diagram [sep=281.247,num_sites=16,dist_comps=164864]
[time=0.000] built replication tree [verts=19,dist_comps=16]
[time=0.000] computed cell assignments
[time=0.006] computed ghost points [num_ghost_points=17491,dist_comps=350336]
[time=0.010] computed ghost trees [dist_comps=1935624]
[time=0.115] built epsilon graph [density=14.870,edges=153218,dist_comps=16589393]
[total_runtime=0.134]
srun: Step created for StepId=35791385.23
[time=0.002] read 10304 points from file 'datasets/izbicki15/small/faces.fvecs'
[time=0.000] built r-net Voronoi diagram [sep=281.247,num_sites=16,dist_comps=164864]
[time=0.000] built replication tree [verts=19,dist_comps=16]
[time=0.000] computed cell assignments
[time=0.004] computed ghost points [num_ghost_points=17491,dist_comps=350336]
[time=0.010] computed ghost trees [dist_comps=1935624]
[time=0.113] built epsilon graph [density=14.870,edges=153218,dist_comps=16589393]
[total_runtime=0.129]
srun: Step created for StepId=35791385.24
[time=0.002] read 10304 points from file 'datasets/izbicki15/small/faces.fvecs'
[time=0.001] built r-net Voronoi diagram [sep=281.247,num_sites=16,dist_comps=164864]
[time=0.000] built replication tree [verts=19,dist_comps=16]
[time=0.000] computed cell assignments
[time=0.004] computed ghost points [num_ghost_points=17491,dist_comps=350336]
[time=0.010] computed ghost trees [dist_comps=1935624]
[time=0.122] built epsilon graph [density=14.870,edges=153218,dist_comps=16589393]
[total_runtime=0.139]
[time=0.001] read 10304 points from file 'datasets/izbicki15/small/faces.fvecs'
[time=0.003] built r-net Voronoi diagram [sep=245.118,num_sites=32,dist_comps=329728]
[time=0.000] built replication tree [verts=64,dist_comps=465]
[time=0.028] computed ghost points [num_ghost_points=35628,dist_comps=978869]
[time=0.058] computed ghost trees [dist_comps=3532789]
[time=0.184] built epsilon graph [density=14.870,edges=153218,dist_comps=15214907]
[total_runtime=0.274]
srun: Step created for StepId=35791385.25
[time=0.002] read 10304 points from file 'datasets/izbicki15/small/faces.fvecs'
[time=0.003] built r-net Voronoi diagram [sep=245.118,num_sites=32,dist_comps=329728]
[time=0.000] built replication tree [verts=64,dist_comps=465]
[time=0.000] computed cell assignments
[time=0.033] computed ghost points [num_ghost_points=35628,dist_comps=978869]
[time=0.051] computed ghost trees [dist_comps=3532789]
[time=0.184] built epsilon graph [density=14.870,edges=153218,dist_comps=15214907]
[total_runtime=0.273]
[time=0.002] read 10304 points from file 'datasets/izbicki15/small/faces.fvecs'
[time=0.002] built r-net Voronoi diagram [sep=245.118,num_sites=32,dist_comps=329728]
[time=0.000] built replication tree [verts=64,dist_comps=465]
[time=0.000] computed cell assignments
[time=0.022] computed ghost points [num_ghost_points=35628,dist_comps=978869]
[time=0.033] computed ghost trees [dist_comps=3532789]
[time=0.100] built epsilon graph [density=14.870,edges=153218,dist_comps=15214907]
[total_runtime=0.159]
[time=0.002] read 10304 points from file 'datasets/izbicki15/small/faces.fvecs'
[time=0.001] built r-net Voronoi diagram [sep=245.118,num_sites=32,dist_comps=329728]
[time=0.000] built replication tree [verts=64,dist_comps=465]
[time=0.000] computed cell assignments
[time=0.013] computed ghost points [num_ghost_points=35628,dist_comps=978869]
[time=0.022] computed ghost trees [dist_comps=3532789]
[time=0.096] built epsilon graph [density=14.870,edges=153218,dist_comps=15214907]
[total_runtime=0.134]
[time=0.002] read 10304 points from file 'datasets/izbicki15/small/faces.fvecs'
[time=0.001] built r-net Voronoi diagram [sep=245.118,num_sites=32,dist_comps=329728]
[time=0.000] built replication tree [verts=64,dist_comps=465]
[time=0.000] computed cell assignments
[time=0.008] computed ghost points [num_ghost_points=35628,dist_comps=978869]
[time=0.016] computed ghost trees [dist_comps=3532789]
[time=0.100] built epsilon graph [density=14.870,edges=153218,dist_comps=15214907]
[total_runtime=0.127]
[time=0.005] read 10304 points from file 'datasets/izbicki15/small/faces.fvecs'
[time=0.001] built r-net Voronoi diagram [sep=245.118,num_sites=32,dist_comps=329728]
[time=0.000] built replication tree [verts=64,dist_comps=465]
[time=0.000] computed cell assignments
[time=0.006] computed ghost points [num_ghost_points=35628,dist_comps=978869]
[time=0.014] computed ghost trees [dist_comps=3532789]
[time=0.107] built epsilon graph [density=14.870,edges=153218,dist_comps=15214907]
[total_runtime=0.132]
[time=0.001] read 10304 points from file 'datasets/izbicki15/small/faces.fvecs'
[time=0.008] built r-net Voronoi diagram [sep=212.127,num_sites=64,dist_comps=659456]
[time=0.000] built replication tree [verts=96,dist_comps=603]
[time=0.041] computed ghost points [num_ghost_points=76825,dist_comps=1638325]
[time=0.118] computed ghost trees [dist_comps=8069996]
[time=0.170] built epsilon graph [density=14.870,edges=153218,dist_comps=13734856]
[total_runtime=0.338]
[time=0.002] read 10304 points from file 'datasets/izbicki15/small/faces.fvecs'
[time=0.006] built r-net Voronoi diagram [sep=212.127,num_sites=64,dist_comps=659456]
[time=0.000] built replication tree [verts=96,dist_comps=603]
[time=0.000] computed cell assignments
[time=0.049] computed ghost points [num_ghost_points=76825,dist_comps=1638325]
[time=0.111] computed ghost trees [dist_comps=8069996]
[time=0.172] built epsilon graph [density=14.870,edges=153218,dist_comps=13734856]
[total_runtime=0.339]
srun: Step created for StepId=35791385.31
[time=0.002] read 10304 points from file 'datasets/izbicki15/small/faces.fvecs'
[time=0.004] built r-net Voronoi diagram [sep=212.127,num_sites=64,dist_comps=659456]
[time=0.000] built replication tree [verts=96,dist_comps=603]
[time=0.000] computed cell assignments
[time=0.033] computed ghost points [num_ghost_points=76825,dist_comps=1638325]
[time=0.061] computed ghost trees [dist_comps=8069996]
[time=0.097] built epsilon graph [density=14.870,edges=153218,dist_comps=13734856]
[total_runtime=0.197]
srun: Step created for StepId=35791385.32
[time=0.002] read 10304 points from file 'datasets/izbicki15/small/faces.fvecs'
[time=0.002] built r-net Voronoi diagram [sep=212.127,num_sites=64,dist_comps=659456]
[time=0.000] built replication tree [verts=96,dist_comps=603]
[time=0.000] computed cell assignments
[time=0.020] computed ghost points [num_ghost_points=76825,dist_comps=1638325]
[time=0.032] computed ghost trees [dist_comps=8069996]
[time=0.081] built epsilon graph [density=14.870,edges=153218,dist_comps=13734856]
[total_runtime=0.138]
srun: Step created for StepId=35791385.33
[time=0.002] read 10304 points from file 'datasets/izbicki15/small/faces.fvecs'
[time=0.001] built r-net Voronoi diagram [sep=212.127,num_sites=64,dist_comps=659456]
[time=0.000] built replication tree [verts=96,dist_comps=603]
[time=0.000] computed cell assignments
[time=0.012] computed ghost points [num_ghost_points=76825,dist_comps=1638325]
[time=0.022] computed ghost trees [dist_comps=8069996]
[time=0.081] built epsilon graph [density=14.870,edges=153218,dist_comps=13734856]
[total_runtime=0.118]
[time=0.002] read 10304 points from file 'datasets/izbicki15/small/faces.fvecs'
[time=0.001] built r-net Voronoi diagram [sep=212.127,num_sites=64,dist_comps=659456]
[time=0.000] built replication tree [verts=96,dist_comps=603]
[time=0.000] computed cell assignments
[time=0.008] computed ghost points [num_ghost_points=76825,dist_comps=1638325]
[time=0.018] computed ghost trees [dist_comps=8069996]
[time=0.086] built epsilon graph [density=14.870,edges=153218,dist_comps=13734856]
[total_runtime=0.115]
[time=0.001] read 10304 points from file 'datasets/izbicki15/small/faces.fvecs'
[time=0.015] built r-net Voronoi diagram [sep=179.680,num_sites=128,dist_comps=1318912]
[time=0.000] built replication tree [verts=160,dist_comps=995]
[time=0.068] computed ghost points [num_ghost_points=154387,dist_comps=2957223]
[time=0.223] computed ghost trees [dist_comps=15997095]
[time=0.158] built epsilon graph [density=14.870,edges=153218,dist_comps=12730787]
[total_runtime=0.465]
[time=0.002] read 10304 points from file 'datasets/izbicki15/small/faces.fvecs'
[time=0.012] built r-net Voronoi diagram [sep=179.680,num_sites=128,dist_comps=1318912]
[time=0.000] built replication tree [verts=160,dist_comps=995]
[time=0.000] computed cell assignments
[time=0.083] computed ghost points [num_ghost_points=154387,dist_comps=2957223]
[time=0.224] computed ghost trees [dist_comps=15997095]
[time=0.158] built epsilon graph [density=14.870,edges=153218,dist_comps=12730787]
[total_runtime=0.478]
srun: Step created for StepId=35791385.36
[time=0.002] read 10304 points from file 'datasets/izbicki15/small/faces.fvecs'
[time=0.007] built r-net Voronoi diagram [sep=179.680,num_sites=128,dist_comps=1318912]
[time=0.000] built replication tree [verts=160,dist_comps=995]
[time=0.000] computed cell assignments
[time=0.054] computed ghost points [num_ghost_points=154387,dist_comps=2957223]
[time=0.109] computed ghost trees [dist_comps=15997095]
[time=0.092] built epsilon graph [density=14.870,edges=153218,dist_comps=12730787]
[total_runtime=0.263]
[time=0.002] read 10304 points from file 'datasets/izbicki15/small/faces.fvecs'
[time=0.004] built r-net Voronoi diagram [sep=179.680,num_sites=128,dist_comps=1318912]
[time=0.000] built replication tree [verts=160,dist_comps=995]
[time=0.000] computed cell assignments
[time=0.034] computed ghost points [num_ghost_points=154387,dist_comps=2957223]
[time=0.068] computed ghost trees [dist_comps=15997095]
[time=0.072] built epsilon graph [density=14.870,edges=153218,dist_comps=12730787]
[total_runtime=0.180]
srun: Step created for StepId=35791385.38
[time=0.002] read 10304 points from file 'datasets/izbicki15/small/faces.fvecs'
[time=0.002] built r-net Voronoi diagram [sep=179.680,num_sites=128,dist_comps=1318912]
[time=0.000] built replication tree [verts=160,dist_comps=995]
[time=0.000] computed cell assignments
[time=0.020] computed ghost points [num_ghost_points=154387,dist_comps=2957223]
[time=0.042] computed ghost trees [dist_comps=15997095]
[time=0.058] built epsilon graph [density=14.870,edges=153218,dist_comps=12730787]
[total_runtime=0.125]
srun: Step created for StepId=35791385.39
[time=0.002] read 10304 points from file 'datasets/izbicki15/small/faces.fvecs'
[time=0.002] built r-net Voronoi diagram [sep=179.680,num_sites=128,dist_comps=1318912]
[time=0.000] built replication tree [verts=160,dist_comps=995]
[time=0.000] computed cell assignments
[time=0.012] computed ghost points [num_ghost_points=154387,dist_comps=2957223]
[time=0.023] computed ghost trees [dist_comps=15997095]
[time=0.056] built epsilon graph [density=14.870,edges=153218,dist_comps=12730787]
[total_runtime=0.096]
[time=0.001] read 10304 points from file 'datasets/izbicki15/small/faces.fvecs'
[time=0.002] built r-net Voronoi diagram [sep=281.247,num_sites=16,dist_comps=164864]
[time=0.000] built replication tree [verts=19,dist_comps=16]
[time=0.010] computed ghost points [num_ghost_points=36376,dist_comps=350336]
[time=0.058] computed ghost trees [dist_comps=3784504]
[time=0.350] built epsilon graph [density=60.292,edges=621244,dist_comps=25597048]
[total_runtime=0.420]
srun: Step created for StepId=35791385.40
[time=0.002] read 10304 points from file 'datasets/izbicki15/small/faces.fvecs'
[time=0.002] built r-net Voronoi diagram [sep=281.247,num_sites=16,dist_comps=164864]
[time=0.000] built replication tree [verts=19,dist_comps=16]
[time=0.000] computed cell assignments
[time=0.017] computed ghost points [num_ghost_points=36376,dist_comps=350336]
[time=0.054] computed ghost trees [dist_comps=3784504]
[time=0.348] built epsilon graph [density=60.292,edges=621244,dist_comps=25597048]
[total_runtime=0.422]
[time=0.002] read 10304 points from file 'datasets/izbicki15/small/faces.fvecs'
[time=0.001] built r-net Voronoi diagram [sep=281.247,num_sites=16,dist_comps=164864]
[time=0.000] built replication tree [verts=19,dist_comps=16]
[time=0.000] computed cell assignments
[time=0.014] computed ghost points [num_ghost_points=36376,dist_comps=350336]
[time=0.027] computed ghost trees [dist_comps=3784504]
[time=0.212] built epsilon graph [density=60.292,edges=621244,dist_comps=25597048]
[total_runtime=0.256]
[time=0.002] read 10304 points from file 'datasets/izbicki15/small/faces.fvecs'
[time=0.001] built r-net Voronoi diagram [sep=281.247,num_sites=16,dist_comps=164864]
[time=0.000] built replication tree [verts=19,dist_comps=16]
[time=0.000] computed cell assignments
[time=0.008] computed ghost points [num_ghost_points=36376,dist_comps=350336]
[time=0.017] computed ghost trees [dist_comps=3784504]
[time=0.205] built epsilon graph [density=60.292,edges=621244,dist_comps=25597048]
[total_runtime=0.233]
srun: Step created for StepId=35791385.43
[time=0.002] read 10304 points from file 'datasets/izbicki15/small/faces.fvecs'
[time=0.000] built r-net Voronoi diagram [sep=281.247,num_sites=16,dist_comps=164864]
[time=0.000] built replication tree [verts=19,dist_comps=16]
[time=0.000] computed cell assignments
[time=0.005] computed ghost points [num_ghost_points=36376,dist_comps=350336]
[time=0.013] computed ghost trees [dist_comps=3784504]
[time=0.207] built epsilon graph [density=60.292,edges=621244,dist_comps=25597048]
[total_runtime=0.228]
srun: Step created for StepId=35791385.44
[time=0.002] read 10304 points from file 'datasets/izbicki15/small/faces.fvecs'
[time=0.001] built r-net Voronoi diagram [sep=281.247,num_sites=16,dist_comps=164864]
[time=0.000] built replication tree [verts=19,dist_comps=16]
[time=0.000] computed cell assignments
[time=0.004] computed ghost points [num_ghost_points=36376,dist_comps=350336]
[time=0.011] computed ghost trees [dist_comps=3784504]
[time=0.210] built epsilon graph [density=60.292,edges=621244,dist_comps=25597048]
[total_runtime=0.228]
[time=0.001] read 10304 points from file 'datasets/izbicki15/small/faces.fvecs'
[time=0.005] built r-net Voronoi diagram [sep=245.118,num_sites=32,dist_comps=329728]
[time=0.000] built replication tree [verts=64,dist_comps=465]
[time=0.029] computed ghost points [num_ghost_points=76526,dist_comps=978880]
[time=0.114] computed ghost trees [dist_comps=7344539]
[time=0.339] built epsilon graph [density=60.292,edges=621244,dist_comps=24615171]
[total_runtime=0.487]
[time=0.001] read 10304 points from file 'datasets/izbicki15/small/faces.fvecs'
[time=0.003] built r-net Voronoi diagram [sep=245.118,num_sites=32,dist_comps=329728]
[time=0.000] built replication tree [verts=64,dist_comps=465]
[time=0.000] computed cell assignments
[time=0.039] computed ghost points [num_ghost_points=76526,dist_comps=978880]
[time=0.104] computed ghost trees [dist_comps=7344539]
[time=0.337] built epsilon graph [density=60.292,edges=621244,dist_comps=24615171]
[total_runtime=0.484]
[time=0.002] read 10304 points from file 'datasets/izbicki15/small/faces.fvecs'
[time=0.002] built r-net Voronoi diagram [sep=245.118,num_sites=32,dist_comps=329728]
[time=0.000] built replication tree [verts=64,dist_comps=465]
[time=0.000] computed cell assignments
[time=0.028] computed ghost points [num_ghost_points=76526,dist_comps=978880]
[time=0.066] computed ghost trees [dist_comps=7344539]
[time=0.193] built epsilon graph [density=60.292,edges=621244,dist_comps=24615171]
[total_runtime=0.290]
[time=0.002] read 10304 points from file 'datasets/izbicki15/small/faces.fvecs'
[time=0.001] built r-net Voronoi diagram [sep=245.118,num_sites=32,dist_comps=329728]
[time=0.000] built replication tree [verts=64,dist_comps=465]
[time=0.000] computed cell assignments
[time=0.017] computed ghost points [num_ghost_points=76526,dist_comps=978880]
[time=0.043] computed ghost trees [dist_comps=7344539]
[time=0.182] built epsilon graph [density=60.292,edges=621244,dist_comps=24615171]
[total_runtime=0.245]
[time=0.002] read 10304 points from file 'datasets/izbicki15/small/faces.fvecs'
[time=0.001] built r-net Voronoi diagram [sep=245.118,num_sites=32,dist_comps=329728]
[time=0.000] built replication tree [verts=64,dist_comps=465]
[time=0.000] computed cell assignments
[time=0.010] computed ghost points [num_ghost_points=76526,dist_comps=978880]
[time=0.030] computed ghost trees [dist_comps=7344539]
[time=0.185] built epsilon graph [density=60.292,edges=621244,dist_comps=24615171]
[total_runtime=0.228]
[time=0.002] read 10304 points from file 'datasets/izbicki15/small/faces.fvecs'
[time=0.001] built r-net Voronoi diagram [sep=245.118,num_sites=32,dist_comps=329728]
[time=0.000] built replication tree [verts=64,dist_comps=465]
[time=0.000] computed cell assignments
[time=0.007] computed ghost points [num_ghost_points=76526,dist_comps=978880]
[time=0.020] computed ghost trees [dist_comps=7344539]
[time=0.186] built epsilon graph [density=60.292,edges=621244,dist_comps=24615171]
[total_runtime=0.215]
[time=0.001] read 10304 points from file 'datasets/izbicki15/small/faces.fvecs'
[time=0.007] built r-net Voronoi diagram [sep=212.127,num_sites=64,dist_comps=659456]
[time=0.000] built replication tree [verts=96,dist_comps=603]
[time=0.041] computed ghost points [num_ghost_points=150398,dist_comps=1638336]
[time=0.211] computed ghost trees [dist_comps=15178579]
[time=0.330] built epsilon graph [density=60.292,edges=621244,dist_comps=24027641]
[total_runtime=0.590]
srun: Step created for StepId=35791385.50
[time=0.002] read 10304 points from file 'datasets/izbicki15/small/faces.fvecs'
[time=0.006] built r-net Voronoi diagram [sep=212.127,num_sites=64,dist_comps=659456]
[time=0.000] built replication tree [verts=96,dist_comps=603]
[time=0.000] computed cell assignments
[time=0.060] computed ghost points [num_ghost_points=150398,dist_comps=1638336]
[time=0.207] computed ghost trees [dist_comps=15178579]
[time=0.330] built epsilon graph [density=60.292,edges=621244,dist_comps=24027641]
[total_runtime=0.605]
[time=0.002] read 10304 points from file 'datasets/izbicki15/small/faces.fvecs'
[time=0.004] built r-net Voronoi diagram [sep=212.127,num_sites=64,dist_comps=659456]
[time=0.000] built replication tree [verts=96,dist_comps=603]
[time=0.000] computed cell assignments
[time=0.043] computed ghost points [num_ghost_points=150398,dist_comps=1638336]
[time=0.119] computed ghost trees [dist_comps=15178579]
[time=0.195] built epsilon graph [density=60.292,edges=621244,dist_comps=24027641]
[total_runtime=0.362]
[time=0.002] read 10304 points from file 'datasets/izbicki15/small/faces.fvecs'
[time=0.002] built r-net Voronoi diagram [sep=212.127,num_sites=64,dist_comps=659456]
[time=0.000] built replication tree [verts=96,dist_comps=603]
[time=0.000] computed cell assignments
[time=0.027] computed ghost points [num_ghost_points=150398,dist_comps=1638336]
[time=0.067] computed ghost trees [dist_comps=15178579]
[time=0.161] built epsilon graph [density=60.292,edges=621244,dist_comps=24027641]
[total_runtime=0.259]
[time=0.002] read 10304 points from file 'datasets/izbicki15/small/faces.fvecs'
[time=0.001] built r-net Voronoi diagram [sep=212.127,num_sites=64,dist_comps=659456]
[time=0.000] built replication tree [verts=96,dist_comps=603]
[time=0.000] computed cell assignments
[time=0.018] computed ghost points [num_ghost_points=150398,dist_comps=1638336]
[time=0.043] computed ghost trees [dist_comps=15178579]
[time=0.153] built epsilon graph [density=60.292,edges=621244,dist_comps=24027641]
[total_runtime=0.217]
[time=0.002] read 10304 points from file 'datasets/izbicki15/small/faces.fvecs'
[time=0.001] built r-net Voronoi diagram [sep=212.127,num_sites=64,dist_comps=659456]
[time=0.000] built replication tree [verts=96,dist_comps=603]
[time=0.000] computed cell assignments
[time=0.010] computed ghost points [num_ghost_points=150398,dist_comps=1638336]
[time=0.031] computed ghost trees [dist_comps=15178579]
[time=0.168] built epsilon graph [density=60.292,edges=621244,dist_comps=24027641]
[total_runtime=0.212]
[time=0.001] read 10304 points from file 'datasets/izbicki15/small/faces.fvecs'
[time=0.015] built r-net Voronoi diagram [sep=179.680,num_sites=128,dist_comps=1318912]
[time=0.000] built replication tree [verts=160,dist_comps=995]
[time=0.074] computed ghost points [num_ghost_points=309227,dist_comps=2957248]
[time=0.442] computed ghost trees [dist_comps=32586285]
[time=0.320] built epsilon graph [density=60.292,edges=621244,dist_comps=22440832]
[total_runtime=0.852]
[time=0.002] read 10304 points from file 'datasets/izbicki15/small/faces.fvecs'
[time=0.012] built r-net Voronoi diagram [sep=179.680,num_sites=128,dist_comps=1318912]
[time=0.000] built replication tree [verts=160,dist_comps=995]
[time=0.000] computed cell assignments
[time=0.110] computed ghost points [num_ghost_points=309227,dist_comps=2957248]
[time=0.435] computed ghost trees [dist_comps=32586285]
[time=0.314] built epsilon graph [density=60.292,edges=621244,dist_comps=22440832]
[total_runtime=0.873]
srun: Step created for StepId=35791385.56
[time=0.002] read 10304 points from file 'datasets/izbicki15/small/faces.fvecs'
[time=0.006] built r-net Voronoi diagram [sep=179.680,num_sites=128,dist_comps=1318912]
[time=0.000] built replication tree [verts=160,dist_comps=995]
[time=0.000] computed cell assignments
[time=0.073] computed ghost points [num_ghost_points=309227,dist_comps=2957248]
[time=0.227] computed ghost trees [dist_comps=32586285]
[time=0.184] built epsilon graph [density=60.292,edges=621244,dist_comps=22440832]
[total_runtime=0.492]
[time=0.002] read 10304 points from file 'datasets/izbicki15/small/faces.fvecs'
[time=0.004] built r-net Voronoi diagram [sep=179.680,num_sites=128,dist_comps=1318912]
[time=0.000] built replication tree [verts=160,dist_comps=995]
[time=0.000] computed cell assignments
[time=0.048] computed ghost points [num_ghost_points=309227,dist_comps=2957248]
[time=0.133] computed ghost trees [dist_comps=32586285]
[time=0.144] built epsilon graph [density=60.292,edges=621244,dist_comps=22440832]
[total_runtime=0.330]
[time=0.002] read 10304 points from file 'datasets/izbicki15/small/faces.fvecs'
[time=0.002] built r-net Voronoi diagram [sep=179.680,num_sites=128,dist_comps=1318912]
[time=0.000] built replication tree [verts=160,dist_comps=995]
[time=0.000] computed cell assignments
[time=0.027] computed ghost points [num_ghost_points=309227,dist_comps=2957248]
[time=0.078] computed ghost trees [dist_comps=32586285]
[time=0.109] built epsilon graph [density=60.292,edges=621244,dist_comps=22440832]
[total_runtime=0.218]
[time=0.002] read 10304 points from file 'datasets/izbicki15/small/faces.fvecs'
[time=0.002] built r-net Voronoi diagram [sep=179.680,num_sites=128,dist_comps=1318912]
[time=0.000] built replication tree [verts=160,dist_comps=995]
[time=0.000] computed cell assignments
[time=0.018] computed ghost points [num_ghost_points=309227,dist_comps=2957248]
[time=0.046] computed ghost trees [dist_comps=32586285]
[time=0.110] built epsilon graph [density=60.292,edges=621244,dist_comps=22440832]
[total_runtime=0.178]
[time=0.001] read 10304 points from file 'datasets/izbicki15/small/faces.fvecs'
[time=0.002] built r-net Voronoi diagram [sep=281.247,num_sites=16,dist_comps=164864]
[time=0.000] built replication tree [verts=19,dist_comps=16]
[time=0.011] computed ghost points [num_ghost_points=60548,dist_comps=350336]
[time=0.101] computed ghost trees [dist_comps=6735865]
[time=0.587] built epsilon graph [density=188.455,edges=1941836,dist_comps=35025800]
[total_runtime=0.702]
[time=0.002] read 10304 points from file 'datasets/izbicki15/small/faces.fvecs'
[time=0.002] built r-net Voronoi diagram [sep=281.247,num_sites=16,dist_comps=164864]
[time=0.000] built replication tree [verts=19,dist_comps=16]
[time=0.000] computed cell assignments
[time=0.021] computed ghost points [num_ghost_points=60548,dist_comps=350336]
[time=0.091] computed ghost trees [dist_comps=6735865]
[time=0.576] built epsilon graph [density=188.455,edges=1941836,dist_comps=35025800]
[total_runtime=0.692]
[time=0.002] read 10304 points from file 'datasets/izbicki15/small/faces.fvecs'
[time=0.001] built r-net Voronoi diagram [sep=281.247,num_sites=16,dist_comps=164864]
[time=0.000] built replication tree [verts=19,dist_comps=16]
[time=0.000] computed cell assignments
[time=0.018] computed ghost points [num_ghost_points=60548,dist_comps=350336]
[time=0.046] computed ghost trees [dist_comps=6735865]
[time=0.358] built epsilon graph [density=188.455,edges=1941836,dist_comps=35025800]
[total_runtime=0.424]
srun: Step created for StepId=35791385.62
[time=0.002] read 10304 points from file 'datasets/izbicki15/small/faces.fvecs'
[time=0.001] built r-net Voronoi diagram [sep=281.247,num_sites=16,dist_comps=164864]
[time=0.000] built replication tree [verts=19,dist_comps=16]
[time=0.000] computed cell assignments
[time=0.011] computed ghost points [num_ghost_points=60548,dist_comps=350336]
[time=0.029] computed ghost trees [dist_comps=6735865]
[time=0.348] built epsilon graph [density=188.455,edges=1941836,dist_comps=35025800]
[total_runtime=0.390]
[time=0.002] read 10304 points from file 'datasets/izbicki15/small/faces.fvecs'
[time=0.000] built r-net Voronoi diagram [sep=281.247,num_sites=16,dist_comps=164864]
[time=0.000] built replication tree [verts=19,dist_comps=16]
[time=0.000] computed cell assignments
[time=0.010] computed ghost points [num_ghost_points=60548,dist_comps=350336]
[time=0.019] computed ghost trees [dist_comps=6735865]
[time=0.349] built epsilon graph [density=188.455,edges=1941836,dist_comps=35025800]
[total_runtime=0.381]
[time=0.002] read 10304 points from file 'datasets/izbicki15/small/faces.fvecs'
[time=0.001] built r-net Voronoi diagram [sep=281.247,num_sites=16,dist_comps=164864]
[time=0.000] built replication tree [verts=19,dist_comps=16]
[time=0.000] computed cell assignments
[time=0.005] computed ghost points [num_ghost_points=60548,dist_comps=350336]
[time=0.013] computed ghost trees [dist_comps=6735865]
[time=0.365] built epsilon graph [density=188.455,edges=1941836,dist_comps=35025800]
[total_runtime=0.385]
[time=0.001] read 10304 points from file 'datasets/izbicki15/small/faces.fvecs'
[time=0.003] built r-net Voronoi diagram [sep=245.118,num_sites=32,dist_comps=329728]
[time=0.000] built replication tree [verts=64,dist_comps=465]
[time=0.030] computed ghost points [num_ghost_points=127055,dist_comps=978880]
[time=0.185] computed ghost trees [dist_comps=13260864]
[time=0.595] built epsilon graph [density=188.455,edges=1941836,dist_comps=34894400]
[total_runtime=0.814]
[time=0.002] read 10304 points from file 'datasets/izbicki15/small/faces.fvecs'
[time=0.003] built r-net Voronoi diagram [sep=245.118,num_sites=32,dist_comps=329728]
[time=0.000] built replication tree [verts=64,dist_comps=465]
[time=0.000] computed cell assignments
[time=0.047] computed ghost points [num_ghost_points=127055,dist_comps=978880]
[time=0.180] computed ghost trees [dist_comps=13260864]
[time=0.578] built epsilon graph [density=188.455,edges=1941836,dist_comps=34894400]
[total_runtime=0.809]
[time=0.002] read 10304 points from file 'datasets/izbicki15/small/faces.fvecs'
[time=0.002] built r-net Voronoi diagram [sep=245.118,num_sites=32,dist_comps=329728]
[time=0.000] built replication tree [verts=64,dist_comps=465]
[time=0.000] computed cell assignments
[time=0.034] computed ghost points [num_ghost_points=127055,dist_comps=978880]
[time=0.100] computed ghost trees [dist_comps=13260864]
[time=0.346] built epsilon graph [density=188.455,edges=1941836,dist_comps=34894400]
[total_runtime=0.484]
[time=0.002] read 10304 points from file 'datasets/izbicki15/small/faces.fvecs'
[time=0.001] built r-net Voronoi diagram [sep=245.118,num_sites=32,dist_comps=329728]
[time=0.000] built replication tree [verts=64,dist_comps=465]
[time=0.000] computed cell assignments
[time=0.022] computed ghost points [num_ghost_points=127055,dist_comps=978880]
[time=0.061] computed ghost trees [dist_comps=13260864]
[time=0.326] built epsilon graph [density=188.455,edges=1941836,dist_comps=34894400]
[total_runtime=0.413]
[time=0.002] read 10304 points from file 'datasets/izbicki15/small/faces.fvecs'
[time=0.001] built r-net Voronoi diagram [sep=245.118,num_sites=32,dist_comps=329728]
[time=0.000] built replication tree [verts=64,dist_comps=465]
[time=0.000] computed cell assignments
[time=0.015] computed ghost points [num_ghost_points=127055,dist_comps=978880]
[time=0.035] computed ghost trees [dist_comps=13260864]
[time=0.328] built epsilon graph [density=188.455,edges=1941836,dist_comps=34894400]
[total_runtime=0.381]
[time=0.002] read 10304 points from file 'datasets/izbicki15/small/faces.fvecs'
[time=0.001] built r-net Voronoi diagram [sep=245.118,num_sites=32,dist_comps=329728]
[time=0.000] built replication tree [verts=64,dist_comps=465]
[time=0.000] computed cell assignments
[time=0.008] computed ghost points [num_ghost_points=127055,dist_comps=978880]
[time=0.025] computed ghost trees [dist_comps=13260864]
[time=0.326] built epsilon graph [density=188.455,edges=1941836,dist_comps=34894400]
[total_runtime=0.362]
[time=0.001] read 10304 points from file 'datasets/izbicki15/small/faces.fvecs'
[time=0.007] built r-net Voronoi diagram [sep=212.127,num_sites=64,dist_comps=659456]
[time=0.000] built replication tree [verts=96,dist_comps=603]
[time=0.044] computed ghost points [num_ghost_points=243403,dist_comps=1638336]
[time=0.349] computed ghost trees [dist_comps=25671332]
[time=0.592] built epsilon graph [density=188.455,edges=1941836,dist_comps=34383841]
[total_runtime=0.993]
[time=0.002] read 10304 points from file 'datasets/izbicki15/small/faces.fvecs'
[time=0.006] built r-net Voronoi diagram [sep=212.127,num_sites=64,dist_comps=659456]
[time=0.000] built replication tree [verts=96,dist_comps=603]
[time=0.000] computed cell assignments
[time=0.074] computed ghost points [num_ghost_points=243403,dist_comps=1638336]
[time=0.344] computed ghost trees [dist_comps=25671332]
[time=0.577] built epsilon graph [density=188.455,edges=1941836,dist_comps=34383841]
[total_runtime=1.002]
[time=0.002] read 10304 points from file 'datasets/izbicki15/small/faces.fvecs'
[time=0.004] built r-net Voronoi diagram [sep=212.127,num_sites=64,dist_comps=659456]
[time=0.000] built replication tree [verts=96,dist_comps=603]
[time=0.000] computed cell assignments
[time=0.054] computed ghost points [num_ghost_points=243403,dist_comps=1638336]
[time=0.187] computed ghost trees [dist_comps=25671332]
[time=0.347] built epsilon graph [density=188.455,edges=1941836,dist_comps=34383841]
[total_runtime=0.593]
[time=0.002] read 10304 points from file 'datasets/izbicki15/small/faces.fvecs'
[time=0.002] built r-net Voronoi diagram [sep=212.127,num_sites=64,dist_comps=659456]
[time=0.000] built replication tree [verts=96,dist_comps=603]
[time=0.000] computed cell assignments
[time=0.036] computed ghost points [num_ghost_points=243403,dist_comps=1638336]
[time=0.103] computed ghost trees [dist_comps=25671332]
[time=0.295] built epsilon graph [density=188.455,edges=1941836,dist_comps=34383841]
[total_runtime=0.439]
srun: Step created for StepId=35791385.73
[time=0.002] read 10304 points from file 'datasets/izbicki15/small/faces.fvecs'
[time=0.001] built r-net Voronoi diagram [sep=212.127,num_sites=64,dist_comps=659456]
[time=0.000] built replication tree [verts=96,dist_comps=603]
[time=0.000] computed cell assignments
[time=0.020] computed ghost points [num_ghost_points=243403,dist_comps=1638336]
[time=0.062] computed ghost trees [dist_comps=25671332]
[time=0.283] built epsilon graph [density=188.455,edges=1941836,dist_comps=34383841]
[total_runtime=0.368]
[time=0.002] read 10304 points from file 'datasets/izbicki15/small/faces.fvecs'
[time=0.001] built r-net Voronoi diagram [sep=212.127,num_sites=64,dist_comps=659456]
[time=0.000] built replication tree [verts=96,dist_comps=603]
[time=0.000] computed cell assignments
[time=0.013] computed ghost points [num_ghost_points=243403,dist_comps=1638336]
[time=0.038] computed ghost trees [dist_comps=25671332]
[time=0.294] built epsilon graph [density=188.455,edges=1941836,dist_comps=34383841]
[total_runtime=0.349]
[time=0.001] read 10304 points from file 'datasets/izbicki15/small/faces.fvecs'
[time=0.013] built r-net Voronoi diagram [sep=179.680,num_sites=128,dist_comps=1318912]
[time=0.000] built replication tree [verts=160,dist_comps=995]
[time=0.072] computed ghost points [num_ghost_points=479393,dist_comps=2957248]
[time=0.675] computed ghost trees [dist_comps=50309842]
[time=0.575] built epsilon graph [density=188.455,edges=1941836,dist_comps=33055553]
[total_runtime=1.336]
srun: Step created for StepId=35791385.75
[time=0.002] read 10304 points from file 'datasets/izbicki15/small/faces.fvecs'
[time=0.012] built r-net Voronoi diagram [sep=179.680,num_sites=128,dist_comps=1318912]
[time=0.000] built replication tree [verts=160,dist_comps=995]
[time=0.000] computed cell assignments
[time=0.133] computed ghost points [num_ghost_points=479393,dist_comps=2957248]
[time=0.671] computed ghost trees [dist_comps=50309842]
[time=0.572] built epsilon graph [density=188.455,edges=1941836,dist_comps=33055553]
[total_runtime=1.389]
[time=0.002] read 10304 points from file 'datasets/izbicki15/small/faces.fvecs'
[time=0.006] built r-net Voronoi diagram [sep=179.680,num_sites=128,dist_comps=1318912]
[time=0.000] built replication tree [verts=160,dist_comps=995]
[time=0.000] computed cell assignments
[time=0.092] computed ghost points [num_ghost_points=479393,dist_comps=2957248]
[time=0.340] computed ghost trees [dist_comps=50309842]
[time=0.339] built epsilon graph [density=188.455,edges=1941836,dist_comps=33055553]
[total_runtime=0.778]
[time=0.002] read 10304 points from file 'datasets/izbicki15/small/faces.fvecs'
[time=0.004] built r-net Voronoi diagram [sep=179.680,num_sites=128,dist_comps=1318912]
[time=0.000] built replication tree [verts=160,dist_comps=995]
[time=0.000] computed cell assignments
[time=0.064] computed ghost points [num_ghost_points=479393,dist_comps=2957248]
[time=0.193] computed ghost trees [dist_comps=50309842]
[time=0.268] built epsilon graph [density=188.455,edges=1941836,dist_comps=33055553]
[total_runtime=0.530]
[time=0.002] read 10304 points from file 'datasets/izbicki15/small/faces.fvecs'
[time=0.002] built r-net Voronoi diagram [sep=179.680,num_sites=128,dist_comps=1318912]
[time=0.000] built replication tree [verts=160,dist_comps=995]
[time=0.000] computed cell assignments
[time=0.038] computed ghost points [num_ghost_points=479393,dist_comps=2957248]
[time=0.108] computed ghost trees [dist_comps=50309842]
[time=0.209] built epsilon graph [density=188.455,edges=1941836,dist_comps=33055553]
[total_runtime=0.359]
[time=0.002] read 10304 points from file 'datasets/izbicki15/small/faces.fvecs'
[time=0.002] built r-net Voronoi diagram [sep=179.680,num_sites=128,dist_comps=1318912]
[time=0.000] built replication tree [verts=160,dist_comps=995]
[time=0.000] computed cell assignments
[time=0.024] computed ghost points [num_ghost_points=479393,dist_comps=2957248]
[time=0.067] computed ghost trees [dist_comps=50309842]
[time=0.216] built epsilon graph [density=188.455,edges=1941836,dist_comps=33055553]
[total_runtime=0.311]
